This is pdfTeX, Version 3.141592-1.40.4 (MiKTeX 2.6) (preloaded format=latex 2008.10.9)  7 AUG 2009 22:17
entering extended mode
**C:/Tools/tvla3/docs/manual.tex
(C:\Tools\tvla3\docs\manual.tex
LaTeX2e <2005/12/01>
Babel <v3.8g> and hyphenation patterns for english, dumylang, nohyphenation, ge
rman, ngerman, french, loaded.
("C:\Program Files\MiKTeX 2.6\tex\latex\base\article.cls"
Document Class: article 2005/09/16 v1.4f Standard LaTeX document class
("C:\Program Files\MiKTeX 2.6\tex\latex\base\size11.clo"
File: size11.clo 2005/09/16 v1.4f Standard LaTeX file (size option)
)
\c@part=\count79
\c@section=\count80
\c@subsection=\count81
\c@subsubsection=\count82
\c@paragraph=\count83
\c@subparagraph=\count84
\c@figure=\count85
\c@table=\count86
\abovecaptionskip=\skip41
\belowcaptionskip=\skip42
\bibindent=\dimen102
)
("C:\Program Files\MiKTeX 2.6\tex\latex\hyperref\hyperref.sty"
Package: hyperref 2007/06/14 v6.76i Hypertext links for LaTeX

("C:\Program Files\MiKTeX 2.6\tex\latex\graphics\keyval.sty"
Package: keyval 1999/03/16 v1.13 key=value parser (DPC)
\KV@toks@=\toks14
)
("C:\Program Files\MiKTeX 2.6\tex\latex\oberdiek\hycolor.sty"
Package: hycolor 2007/04/11 v1.1 Code for color options of hyperref/bookmark (H
O)
)
\@linkdim=\dimen103
\Hy@linkcounter=\count87
\Hy@pagecounter=\count88

("C:\Program Files\MiKTeX 2.6\tex\latex\hyperref\pd1enc.def"
File: pd1enc.def 2007/06/14 v6.76i Hyperref: PDFDocEncoding definition (HO)
)
("C:\Program Files\MiKTeX 2.6\tex\generic\oberdiek\etexcmds.sty"
Package: etexcmds 2007/09/09 v1.1 Providing prefix for e-TeX command names (HO)


("C:\Program Files\MiKTeX 2.6\tex\generic\oberdiek\infwarerr.sty"
Package: infwarerr 2007/09/09 v1.2 Providing info/warning/message (HO)
))
("C:\Program Files\MiKTeX 2.6\tex\latex\00miktex\hyperref.cfg"
File: hyperref.cfg 2002/06/06 v1.2 hyperref configuration of TeXLive
)
("C:\Program Files\MiKTeX 2.6\tex\latex\oberdiek\kvoptions.sty"
Package: kvoptions 2007/06/11 v2.7 Connects package keyval with LaTeX options (
HO)
)
Package hyperref Info: Option `hyperindex' set `true' on input line 2537.
Package hyperref Info: Option `hyperfigures' set `true' on input line 2537.
Package hyperref Info: Option `colorlinks' set `true' on input line 2537.
Package hyperref Info: Option `bookmarks' set `true' on input line 2537.
Package hyperref Info: Option `bookmarksnumbered' set `true' on input line 2537
.
Package hyperref Info: Option `bookmarksopen' set `true' on input line 2537.
Package hyperref Info: Hyper figures ON on input line 2569.
Package hyperref Info: Link nesting OFF on input line 2576.
Package hyperref Info: Hyper index ON on input line 2579.
Package hyperref Info: Plain pages OFF on input line 2586.
Package hyperref Info: Backreferencing ON on input line 2589.

Implicit mode ON; LaTeX internals redefined
Package hyperref Info: Bookmarks ON on input line 2741.
("C:\Program Files\MiKTeX 2.6\tex\latex\hyperref\backref.sty"
Package: backref 2006/10/06 v1.27 Bibliographical back referencing
)
("C:\Program Files\MiKTeX 2.6\tex\latex\ltxmisc\url.sty"
\Urlmuskip=\muskip10
Package: url 2005/06/27  ver 3.2  Verb mode for urls, etc.
)
LaTeX Info: Redefining \url on input line 2909.
\Fld@menulength=\count89
\Field@Width=\dimen104
\Fld@charsize=\dimen105
\Choice@toks=\toks15
\Field@toks=\toks16
Package hyperref Info: Hyper figures ON on input line 3391.
Package hyperref Info: Link nesting OFF on input line 3398.
Package hyperref Info: Hyper index ON on input line 3401.
Package hyperref Info: backreferencing ON on input line 3406.
Package hyperref Info: Link coloring ON on input line 3411.
\Hy@abspage=\count90
\c@Item=\count91
\c@Hfootnote=\count92
)
*hyperref using driver hdvips*
("C:\Program Files\MiKTeX 2.6\tex\latex\hyperref\hdvips.def"
File: hdvips.def 2007/06/14 v6.76i Hyperref driver for dvips

("C:\Program Files\MiKTeX 2.6\tex\latex\hyperref\pdfmark.def"
File: pdfmark.def 2007/06/14 v6.76i Hyperref definitions for pdfmark specials
\pdf@docset=\toks17
\pdf@box=\box26
\pdf@toks=\toks18
\pdf@defaulttoks=\toks19
\Fld@listcount=\count93
))
("C:\Program Files\MiKTeX 2.6\tex\latex\amsmath\amsmath.sty"
Package: amsmath 2000/07/18 v2.13 AMS math features
\@mathmargin=\skip43

For additional information on amsmath, use the `?' option.
("C:\Program Files\MiKTeX 2.6\tex\latex\amsmath\amstext.sty"
Package: amstext 2000/06/29 v2.01

("C:\Program Files\MiKTeX 2.6\tex\latex\amsmath\amsgen.sty"
File: amsgen.sty 1999/11/30 v2.0
\@emptytoks=\toks20
\ex@=\dimen106
))
("C:\Program Files\MiKTeX 2.6\tex\latex\amsmath\amsbsy.sty"
Package: amsbsy 1999/11/29 v1.2d
\pmbraise@=\dimen107
)
("C:\Program Files\MiKTeX 2.6\tex\latex\amsmath\amsopn.sty"
Package: amsopn 1999/12/14 v2.01 operator names
)
\inf@bad=\count94
LaTeX Info: Redefining \frac on input line 211.
\uproot@=\count95
\leftroot@=\count96
LaTeX Info: Redefining \overline on input line 307.
\classnum@=\count97
\DOTSCASE@=\count98
LaTeX Info: Redefining \ldots on input line 379.
LaTeX Info: Redefining \dots on input line 382.
LaTeX Info: Redefining \cdots on input line 467.
\Mathstrutbox@=\box27
\strutbox@=\box28
\big@size=\dimen108
LaTeX Font Info:    Redeclaring font encoding OML on input line 567.
LaTeX Font Info:    Redeclaring font encoding OMS on input line 568.
\macc@depth=\count99
\c@MaxMatrixCols=\count100
\dotsspace@=\muskip11
\c@parentequation=\count101
\dspbrk@lvl=\count102
\tag@help=\toks21
\row@=\count103
\column@=\count104
\maxfields@=\count105
\andhelp@=\toks22
\eqnshift@=\dimen109
\alignsep@=\dimen110
\tagshift@=\dimen111
\tagwidth@=\dimen112
\totwidth@=\dimen113
\lineht@=\dimen114
\@envbody=\toks23
\multlinegap=\skip44
\multlinetaggap=\skip45
\mathdisplay@stack=\toks24
LaTeX Info: Redefining \[ on input line 2666.
LaTeX Info: Redefining \] on input line 2667.
)
("C:\Program Files\MiKTeX 2.6\tex\latex\base\alltt.sty"
Package: alltt 1997/06/16 v2.0g defines alltt environment
)
("C:\Program Files\MiKTeX 2.6\tex\latex\graphics\epsfig.sty"
Package: epsfig 1999/02/16 v1.7a (e)psfig emulation (SPQR)

("C:\Program Files\MiKTeX 2.6\tex\latex\graphics\graphicx.sty"
Package: graphicx 1999/02/16 v1.0f Enhanced LaTeX Graphics (DPC,SPQR)

("C:\Program Files\MiKTeX 2.6\tex\latex\graphics\graphics.sty"
Package: graphics 2006/02/20 v1.0o Standard LaTeX Graphics (DPC,SPQR)

("C:\Program Files\MiKTeX 2.6\tex\latex\graphics\trig.sty"
Package: trig 1999/03/16 v1.09 sin cos tan (DPC)
)
("C:\Program Files\MiKTeX 2.6\tex\latex\00miktex\graphics.cfg"
File: graphics.cfg 2007/01/18 v1.5 graphics configuration of teTeX/TeXLive
)
Package graphics Info: Driver file: dvips.def on input line 90.

("C:\Program Files\MiKTeX 2.6\tex\latex\graphics\dvips.def"
File: dvips.def 1999/02/16 v3.0i Driver-dependant file (DPC,SPQR)
))
\Gin@req@height=\dimen115
\Gin@req@width=\dimen116
)
\epsfxsize=\dimen117
\epsfysize=\dimen118
) (macros.tex)
(manual.aux)
LaTeX Font Info:    Checking defaults for OML/cmm/m/it on input line 24.
LaTeX Font Info:    ... okay on input line 24.
LaTeX Font Info:    Checking defaults for T1/cmr/m/n on input line 24.
LaTeX Font Info:    ... okay on input line 24.
LaTeX Font Info:    Checking defaults for OT1/cmr/m/n on input line 24.
LaTeX Font Info:    ... okay on input line 24.
LaTeX Font Info:    Checking defaults for OMS/cmsy/m/n on input line 24.
LaTeX Font Info:    ... okay on input line 24.
LaTeX Font Info:    Checking defaults for OMX/cmex/m/n on input line 24.
LaTeX Font Info:    ... okay on input line 24.
LaTeX Font Info:    Checking defaults for U/cmr/m/n on input line 24.
LaTeX Font Info:    ... okay on input line 24.
LaTeX Font Info:    Checking defaults for PD1/pdf/m/n on input line 24.
LaTeX Font Info:    ... okay on input line 24.
 ("C:\Program Files\MiKTeX 2.6\tex\latex\graphics\color.sty"
Package: color 2005/11/14 v1.0j Standard LaTeX Color (DPC)

("C:\Program Files\MiKTeX 2.6\tex\latex\00miktex\color.cfg"
File: color.cfg 2007/01/18 v1.5 color configuration of teTeX/TeXLive
)
Package color Info: Driver file: dvips.def on input line 130.

("C:\Program Files\MiKTeX 2.6\tex\latex\graphics\dvipsnam.def"
File: dvipsnam.def 1999/02/16 v3.0i Driver-dependant file (DPC,SPQR)
))
Package hyperref Info: Link coloring ON on input line 24.

("C:\Program Files\MiKTeX 2.6\tex\latex\hyperref\nameref.sty"
Package: nameref 2007/05/29 v2.31 Cross-referencing by name of section

("C:\Program Files\MiKTeX 2.6\tex\latex\oberdiek\refcount.sty"
Package: refcount 2006/02/20 v3.0 Data extraction from references (HO)
)
\c@section@level=\count106
)
LaTeX Info: Redefining \ref on input line 24.
LaTeX Info: Redefining \pageref on input line 24.
 (manual.out)
(manual.out)
\@outlinefile=\write3
 (manual.toc [1

])
\tf@toc=\write4
 [2] (introduction.tex
Overfull \hbox (10.58383pt too wide) in paragraph at lines 25--30
[][][][][][]\OT1/cmr/m/n/10.95 . Af-ter in-stalling
 []


Overfull \hbox (29.7171pt too wide) in paragraph at lines 31--33
[][]\OT1/cmr/m/n/10.95 Extract the archive's con-tent and set the en-vi-ron-men
t vari-able TVLA[]HOME
 []

) (reverse_program.tex
LaTeX Font Info:    Try loading font information for OMS+cmtt on input line 40.

LaTeX Font Info:    No file OMScmtt.fd. on input line 40.


LaTeX Font Warning: Font shape `OMS/cmtt/m/n' undefined
(Font)              using `OMS/cmsy/m/n' instead
(Font)              for symbol `textbraceleft' on input line 40.

) (graphical_representation.tex
LaTeX Font Info:    Try loading font information for OMS+cmr on input line 12.

("C:\Program Files\MiKTeX 2.6\tex\latex\base\omscmr.fd"
File: omscmr.fd 1999/05/25 v2.5h Standard LaTeX font definitions
)
LaTeX Font Info:    Font shape `OMS/cmr/m/n' in size <10.95> not available
(Font)              Font shape `OMS/cmsy/m/n' tried instead on input line 12.
File: sll_tvs.eps Graphic file (type eps)
 <sll_tvs.eps> [3]
[4]) (tvp.tex (reverse_tvp.tex
Overfull \hbox (82.83856pt too wide) in paragraph at lines 131--133
[][][] 
 []

File: reverse_cfg.eps Graphic file (type eps)
<reverse_cfg.eps>
Overfull \hbox (72.27493pt too wide) in paragraph at lines 159--160
[][][] 
 []

)
LaTeX Font Info:    Font shape `OMS/cmr/bx/n' in size <10.95> not available
(Font)              Font shape `OMS/cmsy/b/n' tried instead on input line 111.

Overfull \hbox (77.03494pt too wide) in paragraph at lines 111--112
[][][] 
 []


Overfull \hbox (83.60014pt too wide) in paragraph at lines 166--167
[][][] 
 []

[5]
Overfull \hbox (58.65117pt too wide) in paragraph at lines 201--243
 [][] 
 []


Overfull \hbox (62.6267pt too wide) in paragraph at lines 285--312
 [][] 
 []

[6] [7] [8] [9] [10] [11] [12] [13] [14]) (tvs.tex
Overfull \hbox (74.09364pt too wide) in paragraph at lines 34--34
[][][] 
 []

) [15] (command_line.tex
Overfull \hbox (2.24684pt too wide) in paragraph at lines 10--10
[][] \OT1/cmtt/m/n/10 -join [algorithm]       Determines the type of join metho
d to apply.[] 
 []


Overfull \hbox (33.74657pt too wide) in paragraph at lines 13--13
[][]                         \OT1/cmtt/m/n/10 conc - No abstraction (i.e., blur
ring) is applied.[] 
 []


Overfull \hbox (17.9967pt too wide) in paragraph at lines 18--18
[][]                         \OT1/cmtt/m/n/10 ext  - at every beginning of an e
xtended block.[] 
 []


Overfull \hbox (12.74675pt too wide) in paragraph at lines 20--20
[][] \OT1/cmtt/m/n/10 -noautomatic            Supresses generation of automatic
 constraints.[] 
 []


Overfull \hbox (65.24629pt too wide) in paragraph at lines 25--25
[][] \OT1/cmtt/m/n/10 -tr:tvs <file name>     Creates a transition relation out
put in tvs-like format.[] 
 []


Overfull \hbox (38.99652pt too wide) in paragraph at lines 26--26
[][] \OT1/cmtt/m/n/10 -tr:dot <file name>     Creates a transition relation out
put in dot format.[] 
 []

LaTeX Font Info:    Font shape `OMS/cmr/m/n' in size <10> not available
(Font)              Font shape `OMS/cmsy/m/n' tried instead on input line 35.
[16] [17] [18]) (property_files.tex) (additional_references.tex [19]) [20]
(manual.bbl (manual.brf)
\tf@brf=\write5
) (changes_since_091.tex) [21] (manual.aux)

LaTeX Font Warning: Some font shapes were not available, defaults substituted.

 ) 
Here is how much of TeX's memory you used:
 4038 strings out of 95283
 52089 string characters out of 1184704
 134828 words of memory out of 1114464
 7007 multiletter control sequences out of 60000
 14919 words of font info for 54 fonts, out of 1000000 for 2000
 14 hyphenation exceptions out of 8191
 32i,17n,36p,327b,552s stack positions out of 5000i,500n,10000p,200000b,32768s

Output written on manual.dvi (21 pages, 106860 bytes).
